DEBUG main spaceex.Translator - generate location from phase ID : 1322125764311
DEBUG main spaceex.Translator - condition tree : (<= ThrustControl2 ( (/ Power MaximumPower) ))
DEBUG main spaceex.Translator - generated negation tree : (>= ThrustControl2 ( (/ Power MaximumPower) ))
DEBUG main spaceex.Translator - tree add : (>= ThrustControl2 ( (/ Power MaximumPower) ))
DEBUG main spaceex.Translator - before connection
DEBUG main spaceex.Translator - ThrustControl2>=(Power/MaximumPower)
DEBUG main spaceex.Translator - sspaceex.SxLocation@695ee1b2
DEBUG main spaceex.Translator - generate location from phase ID : 1322125772345
DEBUG main spaceex.Translator - condition tree : (<= ThrustControl2 ( (/ Power MaximumPower) ))
DEBUG main spaceex.Translator - generated negation tree : (>= ThrustControl2 ( (/ Power MaximumPower) ))
DEBUG main spaceex.Translator - tree add : (>= ThrustControl2 ( (/ Power MaximumPower) ))
DEBUG main spaceex.Translator - before connection
DEBUG main spaceex.Translator - ThrustControl2>=(Power/MaximumPower)
DEBUG main spaceex.Translator - sspaceex.SxLocation@5433a329
DEBUG main spaceex.Translator - create timing_automaton
DEBUG main spaceex.Translator - parameter add
DEBUG main spaceex.Translator - location add
DEBUG main ecml.CBMReader - Current type : 3
DEBUG main ecml.CBMReader - Current List number : 19
DEBUG main ecml.CBMReader - Current type : 38
DEBUG main ecml.CBMReader - Current type : 39
DEBUG main ecml.CBMReader - Current type : 10
DEBUG main ecml.CBMReader - Current type : 12
DEBUG main ecml.CBMReader - Current type : 13
DEBUG main ecml.CBMReader - Current type : 14
DEBUG main ecml.CBMReader - Current type : 17
DEBUG main ecml.CBMReader - Current type : 17
DEBUG main ecml.CBMReader - Current type : 17
DEBUG main ecml.CBMReader - Current type : 3
DEBUG main ecml.CBMReader - Current type : 2
DEBUG main ecml.CBMReader - Current type : 2
DEBUG main ecml.CBMReader - Current type : 2
DEBUG main ecml.CBMReader - Current type : 2
DEBUG main ecml.CBMReader - Current type : 27
DEBUG main ecml.CBMReader - Current type : 27
DEBUG main spaceex.Translator - create generated automata
DEBUG main spaceex.Translator - generate location from phase ID : 1322125768480
DEBUG main spaceex.Translator - condition tree : (> ThrustControl2 ( (/ Power MaximumPower) ))
DEBUG main spaceex.Translator - generated negation tree : (<= ThrustControl2 ( (/ Power MaximumPower) ))
DEBUG main spaceex.Translator - tree add : (<= ThrustControl2 ( (/ Power MaximumPower) ))
DEBUG main spaceex.Translator - condition tree : (< ThrustControl2 ( (/ Power MaximumPower) ))
DEBUG main spaceex.Translator - generated negation tree : (>= ThrustControl2 ( (/ Power MaximumPower) ))
DEBUG main spaceex.Translator - tree add : (>= ThrustControl2 ( (/ Power MaximumPower) ))
DEBUG main spaceex.Translator - before connection
DEBUG main spaceex.Translator - ThrustControl2>=(Power/MaximumPower)&ThrustControl2<=(Power/MaximumPower)
DEBUG main spaceex.Translator - sspaceex.SxLocation@3ba8be19
DEBUG main spaceex.Translator - generate location from phase ID : 1322125764311
DEBUG main spaceex.Translator - condition tree : (<= ThrustControl2 ( (/ Power MaximumPower) ))
DEBUG main spaceex.Translator - generated negation tree : (>= ThrustControl2 ( (/ Power MaximumPower) ))
DEBUG main spaceex.Translator - tree add : (>= ThrustControl2 ( (/ Power MaximumPower) ))
DEBUG main spaceex.Translator - before connection
DEBUG main spaceex.Translator - ThrustControl2>=(Power/MaximumPower)
DEBUG main spaceex.Translator - sspaceex.SxLocation@65ab90e2
DEBUG main spaceex.Translator - generate location from phase ID : 1322125772345
DEBUG main spaceex.Translator - condition tree : (<= ThrustControl2 ( (/ Power MaximumPower) ))
DEBUG main spaceex.Translator - generated negation tree : (>= ThrustControl2 ( (/ Power MaximumPower) ))
DEBUG main spaceex.Translator - tree add : (>= ThrustControl2 ( (/ Power MaximumPower) ))
DEBUG main spaceex.Translator - before connection
DEBUG main spaceex.Translator - ThrustControl2>=(Power/MaximumPower)
DEBUG main spaceex.Translator - sspaceex.SxLocation@62b51993
DEBUG main spaceex.Translator - create timing_automaton
DEBUG main spaceex.Translator - parameter add
DEBUG main spaceex.Translator - location add
DEBUG main ecml.CBMReader - Current type : 3
DEBUG main ecml.CBMReader - Current List number : 19
DEBUG main ecml.CBMReader - Current type : 38
DEBUG main ecml.CBMReader - Current type : 39
DEBUG main ecml.CBMReader - Current type : 10
DEBUG main ecml.CBMReader - Current type : 12
DEBUG main ecml.CBMReader - Current type : 13
DEBUG main ecml.CBMReader - Current type : 14
DEBUG main ecml.CBMReader - Current type : 17
DEBUG main ecml.CBMReader - Current type : 17
DEBUG main ecml.CBMReader - Current type : 17
DEBUG main ecml.CBMReader - Current type : 3
DEBUG main ecml.CBMReader - Current type : 2
DEBUG main ecml.CBMReader - Current type : 2
DEBUG main ecml.CBMReader - Current type : 2
DEBUG main ecml.CBMReader - Current type : 2
DEBUG main ecml.CBMReader - Current type : 27
DEBUG main ecml.CBMReader - Current type : 27
DEBUG main spaceex.Translator - create generated automata
DEBUG main spaceex.Translator - generate location from phase ID : 1322125768480
DEBUG main spaceex.Translator - condition tree : (> ThrustControl2 ( (/ Power MaximumPower) ))
DEBUG main spaceex.Translator - generated negation tree : (<= ThrustControl2 ( (/ Power MaximumPower) ))
DEBUG main spaceex.Translator - tree add : (<= ThrustControl2 ( (/ Power MaximumPower) ))
DEBUG main spaceex.Translator - condition tree : (< ThrustControl2 ( (/ Power MaximumPower) ))
DEBUG main spaceex.Translator - generated negation tree : (>= ThrustControl2 ( (/ Power MaximumPower) ))
DEBUG main spaceex.Translator - tree add : (>= ThrustControl2 ( (/ Power MaximumPower) ))
DEBUG main spaceex.Translator - before connection
DEBUG main spaceex.Translator - ThrustControl2>=(Power/MaximumPower)&ThrustControl2<=(Power/MaximumPower)
DEBUG main spaceex.Translator - sspaceex.SxLocation@36c6e417
DEBUG main spaceex.Translator - generate location from phase ID : 1322125764311
DEBUG main spaceex.Translator - condition tree : (<= ThrustControl2 ( (/ Power MaximumPower) ))
DEBUG main spaceex.Translator - generated negation tree : (>= ThrustControl2 ( (/ Power MaximumPower) ))
DEBUG main spaceex.Translator - tree add : (>= ThrustControl2 ( (/ Power MaximumPower) ))
DEBUG main spaceex.Translator - before connection
DEBUG main spaceex.Translator - ThrustControl2>=(Power/MaximumPower)
DEBUG main spaceex.Translator - sspaceex.SxLocation@435879e8
DEBUG main spaceex.Translator - generate location from phase ID : 1322125772345
DEBUG main spaceex.Translator - condition tree : (<= ThrustControl2 ( (/ Power MaximumPower) ))
DEBUG main spaceex.Translator - generated negation tree : (>= ThrustControl2 ( (/ Power MaximumPower) ))
DEBUG main spaceex.Translator - tree add : (>= ThrustControl2 ( (/ Power MaximumPower) ))
DEBUG main spaceex.Translator - before connection
DEBUG main spaceex.Translator - ThrustControl2>=(Power/MaximumPower)
DEBUG main spaceex.Translator - sspaceex.SxLocation@65ab90e2
DEBUG main spaceex.Translator - create timing_automaton
DEBUG main spaceex.Translator - parameter add
DEBUG main spaceex.Translator - location add
DEBUG main ecml.CBMReader - Current type : 3
DEBUG main ecml.CBMReader - Current List number : 19
DEBUG main ecml.CBMReader - Current type : 38
DEBUG main ecml.CBMReader - Current type : 39
DEBUG main ecml.CBMReader - Current type : 10
DEBUG main ecml.CBMReader - Current type : 12
DEBUG main ecml.CBMReader - Current type : 13
DEBUG main ecml.CBMReader - Current type : 14
DEBUG main ecml.CBMReader - Current type : 17
DEBUG main ecml.CBMReader - Current type : 17
DEBUG main ecml.CBMReader - Current type : 17
DEBUG main ecml.CBMReader - Current type : 3
DEBUG main ecml.CBMReader - Current type : 2
DEBUG main ecml.CBMReader - Current type : 2
DEBUG main ecml.CBMReader - Current type : 2
DEBUG main ecml.CBMReader - Current type : 2
DEBUG main ecml.CBMReader - Current type : 27
DEBUG main ecml.CBMReader - Current type : 27
DEBUG main spaceex.Translator - create generated automata
DEBUG main spaceex.Translator - generate location from phase ID : 1322125768480
DEBUG main spaceex.Translator - condition tree : (> ThrustControl2 ( (/ Power MaximumPower) ))
DEBUG main spaceex.Translator - generated negation tree : (<= ThrustControl2 ( (/ Power MaximumPower) ))
DEBUG main spaceex.Translator - tree add : (<= ThrustControl2 ( (/ Power MaximumPower) ))
DEBUG main spaceex.Translator - condition tree : (< ThrustControl2 ( (/ Power MaximumPower) ))
DEBUG main spaceex.Translator - generated negation tree : (>= ThrustControl2 ( (/ Power MaximumPower) ))
DEBUG main spaceex.Translator - tree add : (>= ThrustControl2 ( (/ Power MaximumPower) ))
DEBUG main spaceex.Translator - before connection
DEBUG main spaceex.Translator - ThrustControl2>=(Power/MaximumPower)&ThrustControl2<=(Power/MaximumPower)
DEBUG main spaceex.Translator - sspaceex.SxLocation@36c6e417
DEBUG main spaceex.Translator - generate location from phase ID : 1322125764311
DEBUG main spaceex.Translator - condition tree : (<= ThrustControl2 ( (/ Power MaximumPower) ))
DEBUG main spaceex.Translator - generated negation tree : (>= ThrustControl2 ( (/ Power MaximumPower) ))
DEBUG main spaceex.Translator - tree add : (>= ThrustControl2 ( (/ Power MaximumPower) ))
DEBUG main spaceex.Translator - before connection
DEBUG main spaceex.Translator - ThrustControl2>=(Power/MaximumPower)
DEBUG main spaceex.Translator - sspaceex.SxLocation@435879e8
DEBUG main spaceex.Translator - generate location from phase ID : 1322125772345
DEBUG main spaceex.Translator - condition tree : (<= ThrustControl2 ( (/ Power MaximumPower) ))
DEBUG main spaceex.Translator - generated negation tree : (>= ThrustControl2 ( (/ Power MaximumPower) ))
DEBUG main spaceex.Translator - tree add : (>= ThrustControl2 ( (/ Power MaximumPower) ))
DEBUG main spaceex.Translator - before connection
DEBUG main spaceex.Translator - ThrustControl2>=(Power/MaximumPower)
DEBUG main spaceex.Translator - sspaceex.SxLocation@65ab90e2
DEBUG main spaceex.Translator - create timing_automaton
DEBUG main spaceex.Translator - parameter add
DEBUG main spaceex.Translator - location add
DEBUG main ecml.CBMReader - Current type : 3
DEBUG main ecml.CBMReader - Current List number : 19
DEBUG main ecml.CBMReader - Current type : 38
DEBUG main ecml.CBMReader - Current type : 39
DEBUG main ecml.CBMReader - Current type : 10
DEBUG main ecml.CBMReader - Current type : 12
DEBUG main ecml.CBMReader - Current type : 13
DEBUG main ecml.CBMReader - Current type : 14
DEBUG main ecml.CBMReader - Current type : 17
DEBUG main ecml.CBMReader - Current type : 17
DEBUG main ecml.CBMReader - Current type : 17
DEBUG main ecml.CBMReader - Current type : 3
DEBUG main ecml.CBMReader - Current type : 2
DEBUG main ecml.CBMReader - Current type : 2
DEBUG main ecml.CBMReader - Current type : 2
DEBUG main ecml.CBMReader - Current type : 2
DEBUG main ecml.CBMReader - Current type : 27
DEBUG main ecml.CBMReader - Current type : 27
DEBUG main spaceex.Translator - create generated automata
DEBUG main spaceex.Translator - generate location from phase ID : 1322125768480
DEBUG main spaceex.Translator - condition tree : (> ThrustControl2 ( (/ Power MaximumPower) ))
DEBUG main spaceex.Translator - generated negation tree : (<= ThrustControl2 ( (/ Power MaximumPower) ))
DEBUG main spaceex.Translator - tree add : (<= ThrustControl2 ( (/ Power MaximumPower) ))
DEBUG main spaceex.Translator - condition tree : (< ThrustControl2 ( (/ Power MaximumPower) ))
DEBUG main spaceex.Translator - generated negation tree : (>= ThrustControl2 ( (/ Power MaximumPower) ))
DEBUG main spaceex.Translator - tree add : (>= ThrustControl2 ( (/ Power MaximumPower) ))
DEBUG main spaceex.Translator - before connection
DEBUG main spaceex.Translator - ThrustControl2>=(Power/MaximumPower)&ThrustControl2<=(Power/MaximumPower)
DEBUG main spaceex.Translator - sspaceex.SxLocation@36c6e417
DEBUG main spaceex.Translator - generate location from phase ID : 1322125764311
DEBUG main spaceex.Translator - condition tree : (<= ThrustControl2 ( (/ Power MaximumPower) ))
DEBUG main spaceex.Translator - generated negation tree : (>= ThrustControl2 ( (/ Power MaximumPower) ))
DEBUG main spaceex.Translator - tree add : (>= ThrustControl2 ( (/ Power MaximumPower) ))
DEBUG main spaceex.Translator - before connection
DEBUG main spaceex.Translator - ThrustControl2>=(Power/MaximumPower)
DEBUG main spaceex.Translator - sspaceex.SxLocation@435879e8
DEBUG main spaceex.Translator - generate location from phase ID : 1322125772345
DEBUG main spaceex.Translator - condition tree : (<= ThrustControl2 ( (/ Power MaximumPower) ))
DEBUG main spaceex.Translator - generated negation tree : (>= ThrustControl2 ( (/ Power MaximumPower) ))
DEBUG main spaceex.Translator - tree add : (>= ThrustControl2 ( (/ Power MaximumPower) ))
DEBUG main spaceex.Translator - before connection
DEBUG main spaceex.Translator - ThrustControl2>=(Power/MaximumPower)
DEBUG main spaceex.Translator - sspaceex.SxLocation@65ab90e2
DEBUG main spaceex.Translator - create timing_automaton
DEBUG main spaceex.Translator - parameter add
DEBUG main spaceex.Translator - location add
DEBUG main ecml.CBMReader - Current type : 3
DEBUG main ecml.CBMReader - Current List number : 19
DEBUG main ecml.CBMReader - Current type : 38
DEBUG main ecml.CBMReader - Current type : 39
DEBUG main ecml.CBMReader - Current type : 10
DEBUG main ecml.CBMReader - Current type : 12
DEBUG main ecml.CBMReader - Current type : 13
DEBUG main ecml.CBMReader - Current type : 14
DEBUG main ecml.CBMReader - Current type : 17
DEBUG main ecml.CBMReader - Current type : 17
DEBUG main ecml.CBMReader - Current type : 17
DEBUG main ecml.CBMReader - Current type : 3
DEBUG main ecml.CBMReader - Current type : 2
DEBUG main ecml.CBMReader - Current type : 2
DEBUG main ecml.CBMReader - Current type : 2
DEBUG main ecml.CBMReader - Current type : 2
DEBUG main ecml.CBMReader - Current type : 27
DEBUG main ecml.CBMReader - Current type : 27
DEBUG main spaceex.Translator - create generated automata
DEBUG main spaceex.Translator - generate location from phase ID : 1322125768480
DEBUG main spaceex.Translator - condition tree : (> ThrustControl2 ( (/ Power MaximumPower) ))
DEBUG main spaceex.Translator - generated negation tree : (<= ThrustControl2 ( (/ Power MaximumPower) ))
DEBUG main spaceex.Translator - tree add : (<= ThrustControl2 ( (/ Power MaximumPower) ))
DEBUG main spaceex.Translator - condition tree : (< ThrustControl2 ( (/ Power MaximumPower) ))
DEBUG main spaceex.Translator - generated negation tree : (>= ThrustControl2 ( (/ Power MaximumPower) ))
DEBUG main spaceex.Translator - tree add : (>= ThrustControl2 ( (/ Power MaximumPower) ))
DEBUG main spaceex.Translator - before connection
DEBUG main spaceex.Translator - ThrustControl2>=(Power/MaximumPower)&ThrustControl2<=(Power/MaximumPower)
DEBUG main spaceex.Translator - sspaceex.SxLocation@26b5f36e
DEBUG main spaceex.Translator - generate location from phase ID : 1322125764311
DEBUG main spaceex.Translator - condition tree : (<= ThrustControl2 ( (/ Power MaximumPower) ))
DEBUG main spaceex.Translator - generated negation tree : (>= ThrustControl2 ( (/ Power MaximumPower) ))
DEBUG main spaceex.Translator - tree add : (>= ThrustControl2 ( (/ Power MaximumPower) ))
DEBUG main spaceex.Translator - before connection
DEBUG main spaceex.Translator - ThrustControl2>=(Power/MaximumPower)
DEBUG main spaceex.Translator - sspaceex.SxLocation@d7c9f02
DEBUG main spaceex.Translator - generate location from phase ID : 1322125772345
DEBUG main spaceex.Translator - condition tree : (<= ThrustControl2 ( (/ Power MaximumPower) ))
DEBUG main spaceex.Translator - generated negation tree : (>= ThrustControl2 ( (/ Power MaximumPower) ))
DEBUG main spaceex.Translator - tree add : (>= ThrustControl2 ( (/ Power MaximumPower) ))
DEBUG main spaceex.Translator - before connection
DEBUG main spaceex.Translator - ThrustControl2>=(Power/MaximumPower)
DEBUG main spaceex.Translator - sspaceex.SxLocation@70ab4338
DEBUG main spaceex.Translator - create timing_automaton
DEBUG main spaceex.Translator - parameter add
DEBUG main spaceex.Translator - location add
DEBUG main ecml.CBMReader - Current type : 3
DEBUG main ecml.CBMReader - Current List number : 19
DEBUG main ecml.CBMReader - Current type : 38
DEBUG main ecml.CBMReader - Current type : 39
DEBUG main ecml.CBMReader - Current type : 10
DEBUG main ecml.CBMReader - Current type : 12
DEBUG main ecml.CBMReader - Current type : 13
DEBUG main ecml.CBMReader - Current type : 14
DEBUG main ecml.CBMReader - Current type : 17
DEBUG main ecml.CBMReader - Current type : 17
DEBUG main ecml.CBMReader - Current type : 17
DEBUG main ecml.CBMReader - Current type : 3
DEBUG main ecml.CBMReader - Current type : 2
DEBUG main ecml.CBMReader - Current type : 2
DEBUG main ecml.CBMReader - Current type : 2
DEBUG main ecml.CBMReader - Current type : 2
DEBUG main ecml.CBMReader - Current type : 27
DEBUG main ecml.CBMReader - Current type : 27
DEBUG main spaceex.Translator - create generated automata
DEBUG main spaceex.Translator - generate location from phase ID : 1322125768480
DEBUG main spaceex.Translator - condition tree : (> ThrustControl2 ( (/ Power MaximumPower) ))
DEBUG main spaceex.Translator - generated negation tree : (<= ThrustControl2 ( (/ Power MaximumPower) ))
DEBUG main spaceex.Translator - tree add : (<= ThrustControl2 ( (/ Power MaximumPower) ))
DEBUG main spaceex.Translator - condition tree : (< ThrustControl2 ( (/ Power MaximumPower) ))
DEBUG main spaceex.Translator - generated negation tree : (>= ThrustControl2 ( (/ Power MaximumPower) ))
DEBUG main spaceex.Translator - tree add : (>= ThrustControl2 ( (/ Power MaximumPower) ))
DEBUG main spaceex.Translator - before connection
DEBUG main spaceex.Translator - ThrustControl2>=(Power/MaximumPower)&ThrustControl2<=(Power/MaximumPower)
DEBUG main spaceex.Translator - sspaceex.SxLocation@36c6e417
DEBUG main spaceex.Translator - generate location from phase ID : 1322125764311
DEBUG main spaceex.Translator - condition tree : (<= ThrustControl2 ( (/ Power MaximumPower) ))
DEBUG main spaceex.Translator - generated negation tree : (>= ThrustControl2 ( (/ Power MaximumPower) ))
DEBUG main spaceex.Translator - tree add : (>= ThrustControl2 ( (/ Power MaximumPower) ))
DEBUG main spaceex.Translator - before connection
DEBUG main spaceex.Translator - ThrustControl2>=(Power/MaximumPower)
DEBUG main spaceex.Translator - sspaceex.SxLocation@435879e8
DEBUG main spaceex.Translator - generate location from phase ID : 1322125772345
DEBUG main spaceex.Translator - condition tree : (<= ThrustControl2 ( (/ Power MaximumPower) ))
DEBUG main spaceex.Translator - generated negation tree : (>= ThrustControl2 ( (/ Power MaximumPower) ))
DEBUG main spaceex.Translator - tree add : (>= ThrustControl2 ( (/ Power MaximumPower) ))
DEBUG main spaceex.Translator - before connection
DEBUG main spaceex.Translator - ThrustControl2>=(Power/MaximumPower)
DEBUG main spaceex.Translator - sspaceex.SxLocation@65ab90e2
DEBUG main spaceex.Translator - create timing_automaton
DEBUG main spaceex.Translator - parameter add
DEBUG main spaceex.Translator - location add
DEBUG main ecml.CBMReader - Current type : 3
DEBUG main ecml.CBMReader - Current List number : 19
DEBUG main ecml.CBMReader - Current type : 38
DEBUG main ecml.CBMReader - Current type : 39
DEBUG main ecml.CBMReader - Current type : 10
DEBUG main ecml.CBMReader - Current type : 12
DEBUG main ecml.CBMReader - Current type : 13
DEBUG main ecml.CBMReader - Current type : 14
DEBUG main ecml.CBMReader - Current type : 17
DEBUG main ecml.CBMReader - Current type : 17
DEBUG main ecml.CBMReader - Current type : 17
DEBUG main ecml.CBMReader - Current type : 3
DEBUG main ecml.CBMReader - Current type : 2
DEBUG main ecml.CBMReader - Current type : 2
DEBUG main ecml.CBMReader - Current type : 2
DEBUG main ecml.CBMReader - Current type : 2
DEBUG main ecml.CBMReader - Current type : 27
DEBUG main ecml.CBMReader - Current type : 27
DEBUG main spaceex.Translator - create generated automata
DEBUG main spaceex.Translator - generate location from phase ID : 1322125768480
DEBUG main spaceex.Translator - condition tree : (> ThrustControl2 ( (/ Power MaximumPower) ))
DEBUG main spaceex.Translator - generated negation tree : (<= ThrustControl2 ( (/ Power MaximumPower) ))
DEBUG main spaceex.Translator - tree add : (<= ThrustControl2 ( (/ Power MaximumPower) ))
DEBUG main spaceex.Translator - condition tree : (< ThrustControl2 ( (/ Power MaximumPower) ))
DEBUG main spaceex.Translator - generated negation tree : (>= ThrustControl2 ( (/ Power MaximumPower) ))
DEBUG main spaceex.Translator - tree add : (>= ThrustControl2 ( (/ Power MaximumPower) ))
DEBUG main spaceex.Translator - before connection
DEBUG main spaceex.Translator - ThrustControl2>=(Power/MaximumPower)&ThrustControl2<=(Power/MaximumPower)
DEBUG main spaceex.Translator - sspaceex.SxLocation@2a8820fa
DEBUG main spaceex.Translator - generate location from phase ID : 1322125764311
DEBUG main spaceex.Translator - condition tree : (<= ThrustControl2 ( (/ Power MaximumPower) ))
DEBUG main spaceex.Translator - generated negation tree : (>= ThrustControl2 ( (/ Power MaximumPower) ))
DEBUG main spaceex.Translator - tree add : (>= ThrustControl2 ( (/ Power MaximumPower) ))
DEBUG main spaceex.Translator - before connection
DEBUG main spaceex.Translator - ThrustControl2>=(Power/MaximumPower)
DEBUG main spaceex.Translator - sspaceex.SxLocation@76650cb3
DEBUG main spaceex.Translator - generate location from phase ID : 1322125772345
DEBUG main spaceex.Translator - condition tree : (<= ThrustControl2 ( (/ Power MaximumPower) ))
DEBUG main spaceex.Translator - generated negation tree : (>= ThrustControl2 ( (/ Power MaximumPower) ))
DEBUG main spaceex.Translator - tree add : (>= ThrustControl2 ( (/ Power MaximumPower) ))
DEBUG main spaceex.Translator - before connection
DEBUG main spaceex.Translator - ThrustControl2>=(Power/MaximumPower)
DEBUG main spaceex.Translator - sspaceex.SxLocation@6424f87e
DEBUG main spaceex.Translator - create timing_automaton
DEBUG main spaceex.Translator - parameter add
DEBUG main spaceex.Translator - location add
DEBUG main ecml.CBMReader - Current type : 3
DEBUG main ecml.CBMReader - Current List number : 19
DEBUG main ecml.CBMReader - Current type : 38
DEBUG main ecml.CBMReader - Current type : 39
DEBUG main ecml.CBMReader - Current type : 10
DEBUG main ecml.CBMReader - Current type : 12
DEBUG main ecml.CBMReader - Current type : 13
DEBUG main ecml.CBMReader - Current type : 14
DEBUG main ecml.CBMReader - Current type : 17
DEBUG main ecml.CBMReader - Current type : 17
DEBUG main ecml.CBMReader - Current type : 17
DEBUG main ecml.CBMReader - Current type : 3
DEBUG main ecml.CBMReader - Current type : 2
DEBUG main ecml.CBMReader - Current type : 2
DEBUG main ecml.CBMReader - Current type : 2
DEBUG main ecml.CBMReader - Current type : 2
DEBUG main ecml.CBMReader - Current type : 27
DEBUG main ecml.CBMReader - Current type : 27
DEBUG main spaceex.Translator - create generated automata
DEBUG main spaceex.Translator - generate location from phase ID : 1322125768480
DEBUG main spaceex.Translator - condition tree : (> ThrustControl2 ( (/ Power MaximumPower) ))
DEBUG main spaceex.Translator - generated negation tree : (<= ThrustControl2 ( (/ Power MaximumPower) ))
DEBUG main spaceex.Translator - tree add : (<= ThrustControl2 ( (/ Power MaximumPower) ))
DEBUG main spaceex.Translator - condition tree : (< ThrustControl2 ( (/ Power MaximumPower) ))
DEBUG main spaceex.Translator - generated negation tree : (>= ThrustControl2 ( (/ Power MaximumPower) ))
DEBUG main spaceex.Translator - tree add : (>= ThrustControl2 ( (/ Power MaximumPower) ))
DEBUG main spaceex.Translator - before connection
DEBUG main spaceex.Translator - ThrustControl2>=(Power/MaximumPower)&ThrustControl2<=(Power/MaximumPower)
DEBUG main spaceex.Translator - sspaceex.SxLocation@36c6e417
DEBUG main spaceex.Translator - generate location from phase ID : 1322125764311
DEBUG main spaceex.Translator - condition tree : (<= ThrustControl2 ( (/ Power MaximumPower) ))
DEBUG main spaceex.Translator - generated negation tree : (>= ThrustControl2 ( (/ Power MaximumPower) ))
DEBUG main spaceex.Translator - tree add : (>= ThrustControl2 ( (/ Power MaximumPower) ))
DEBUG main spaceex.Translator - before connection
DEBUG main spaceex.Translator - ThrustControl2>=(Power/MaximumPower)
DEBUG main spaceex.Translator - sspaceex.SxLocation@435879e8
DEBUG main spaceex.Translator - generate location from phase ID : 1322125772345
DEBUG main spaceex.Translator - condition tree : (<= ThrustControl2 ( (/ Power MaximumPower) ))
DEBUG main spaceex.Translator - generated negation tree : (>= ThrustControl2 ( (/ Power MaximumPower) ))
DEBUG main spaceex.Translator - tree add : (>= ThrustControl2 ( (/ Power MaximumPower) ))
DEBUG main spaceex.Translator - before connection
DEBUG main spaceex.Translator - ThrustControl2>=(Power/MaximumPower)
DEBUG main spaceex.Translator - sspaceex.SxLocation@65ab90e2
DEBUG main spaceex.Translator - create timing_automaton
DEBUG main spaceex.Translator - parameter add
DEBUG main spaceex.Translator - location add
